<?xml version="1.0" encoding="UTF-8"?>
<testng-results ignored="0" total="4" passed="4" failed="0" skipped="0">
  <reporter-output>
  </reporter-output>
  <suite started-at="2023-12-20T20:00:16 IST" name="All Test Suite" finished-at="2023-12-20T20:00:41 IST" duration-ms="24752">
    <groups>
      <group name="ErrorHandling">
        <method signature="ErrorValidation.LoginErrorValidation()[pri:0, instance:automationFramework.tests.ErrorValidation@34bde49d]" name="LoginErrorValidation" class="automationFramework.tests.ErrorValidation"/>
        <method signature="ErrorValidation.ProductErrorValidation()[pri:0, instance:automationFramework.tests.ErrorValidation@34bde49d]" name="ProductErrorValidation" class="automationFramework.tests.ErrorValidation"/>
      </group> <!-- ErrorHandling -->
      <group name="Purchase">
        <method signature="submitOrderTest.submitOrder(java.util.HashMap)[pri:0, instance:automationFramework.tests.submitOrderTest@305ffe9e]" name="submitOrder" class="automationFramework.tests.submitOrderTest"/>
      </group> <!-- Purchase -->
    </groups>
    <test started-at="2023-12-20T20:00:16 IST" name="Submit order Test" finished-at="2023-12-20T20:00:36 IST" duration-ms="19657">
      <class name="automationFramework.tests.submitOrderTest">
        <test-method is-config="true" signature="launchApplication()[pri:0, instance:automationFramework.tests.submitOrderTest@305ffe9e]" started-at="2023-12-20T20:00:17 IST" name="launchApplication" finished-at="2023-12-20T20:00:25 IST" duration-ms="7603" status="PASS">
          <reporter-output>
          </reporter-output>
        </test-method> <!-- launchApplication -->
        <test-method signature="submitOrder(java.util.HashMap)[pri:0, instance:automationFramework.tests.submitOrderTest@305ffe9e]" started-at="2023-12-20T20:00:25 IST" name="submitOrder" data-provider="getData" finished-at="2023-12-20T20:00:30 IST" duration-ms="5365" status="PASS">
          <params>
            <param index="0">
              <value>
                <![CDATA[{itemName=I PHONE, passwd=Test@1234, email=testk@gmail.com}]]>
              </value>
            </param>
          </params>
          <reporter-output>
          </reporter-output>
        </test-method> <!-- submitOrder -->
        <test-method is-config="true" signature="teardown()[pri:0, instance:automationFramework.tests.submitOrderTest@305ffe9e]" started-at="2023-12-20T20:00:30 IST" name="teardown" finished-at="2023-12-20T20:00:30 IST" duration-ms="170" status="PASS">
          <reporter-output>
          </reporter-output>
        </test-method> <!-- teardown -->
        <test-method is-config="true" signature="launchApplication()[pri:0, instance:automationFramework.tests.submitOrderTest@305ffe9e]" started-at="2023-12-20T20:00:30 IST" name="launchApplication" finished-at="2023-12-20T20:00:35 IST" duration-ms="4360" status="PASS">
          <reporter-output>
          </reporter-output>
        </test-method> <!-- launchApplication -->
        <test-method signature="orderHistoryCheck(java.util.HashMap)[pri:0, instance:automationFramework.tests.submitOrderTest@305ffe9e]" started-at="2023-12-20T20:00:35 IST" name="orderHistoryCheck" data-provider="getData" finished-at="2023-12-20T20:00:36 IST" depends-on-methods="automationFramework.tests.submitOrderTest.submitOrder" duration-ms="1246" status="PASS">
          <params>
            <param index="0">
              <value>
                <![CDATA[{itemName=I PHONE, passwd=Test@1234, email=testk@gmail.com}]]>
              </value>
            </param>
          </params>
          <reporter-output>
          </reporter-output>
        </test-method> <!-- orderHistoryCheck -->
        <test-method is-config="true" signature="teardown()[pri:0, instance:automationFramework.tests.submitOrderTest@305ffe9e]" started-at="2023-12-20T20:00:36 IST" name="teardown" finished-at="2023-12-20T20:00:36 IST" duration-ms="246" status="PASS">
          <reporter-output>
          </reporter-output>
        </test-method> <!-- teardown -->
      </class> <!-- automationFramework.tests.submitOrderTest -->
    </test> <!-- Submit order Test -->
    <test started-at="2023-12-20T20:00:16 IST" name="Error Validation Test" finished-at="2023-12-20T20:00:41 IST" duration-ms="24752">
      <class name="automationFramework.tests.ErrorValidation">
        <test-method is-config="true" signature="launchApplication()[pri:0, instance:automationFramework.tests.ErrorValidation@34bde49d]" started-at="2023-12-20T20:00:17 IST" name="launchApplication" finished-at="2023-12-20T20:00:26 IST" duration-ms="9741" status="PASS">
          <reporter-output>
          </reporter-output>
        </test-method> <!-- launchApplication -->
        <test-method signature="LoginErrorValidation()[pri:0, instance:automationFramework.tests.ErrorValidation@34bde49d]" started-at="2023-12-20T20:00:26 IST" name="LoginErrorValidation" finished-at="2023-12-20T20:00:29 IST" duration-ms="3130" status="PASS">
          <reporter-output>
          </reporter-output>
        </test-method> <!-- LoginErrorValidation -->
        <test-method is-config="true" signature="teardown()[pri:0, instance:automationFramework.tests.ErrorValidation@34bde49d]" started-at="2023-12-20T20:00:29 IST" name="teardown" finished-at="2023-12-20T20:00:30 IST" duration-ms="149" status="PASS">
          <reporter-output>
          </reporter-output>
        </test-method> <!-- teardown -->
        <test-method is-config="true" signature="launchApplication()[pri:0, instance:automationFramework.tests.ErrorValidation@34bde49d]" started-at="2023-12-20T20:00:30 IST" name="launchApplication" finished-at="2023-12-20T20:00:39 IST" duration-ms="9040" status="PASS">
          <reporter-output>
          </reporter-output>
        </test-method> <!-- launchApplication -->
        <test-method signature="ProductErrorValidation()[pri:0, instance:automationFramework.tests.ErrorValidation@34bde49d]" started-at="2023-12-20T20:00:39 IST" name="ProductErrorValidation" finished-at="2023-12-20T20:00:41 IST" duration-ms="2510" status="PASS">
          <reporter-output>
          </reporter-output>
        </test-method> <!-- ProductErrorValidation -->
        <test-method is-config="true" signature="teardown()[pri:0, instance:automationFramework.tests.ErrorValidation@34bde49d]" started-at="2023-12-20T20:00:41 IST" name="teardown" finished-at="2023-12-20T20:00:41 IST" duration-ms="90" status="PASS">
          <reporter-output>
          </reporter-output>
        </test-method> <!-- teardown -->
      </class> <!-- automationFramework.tests.ErrorValidation -->
    </test> <!-- Error Validation Test -->
  </suite> <!-- All Test Suite -->
</testng-results>
