<?xml version="1.0" encoding="UTF-8"?>
<!-- Generated by org.testng.reporters.JUnitXMLReporter -->
<testsuite ignored="0" hostname="Kaustubh" failures="0" tests="2" name="Error Validation Test" time="24.752" errors="0" timestamp="2023-12-20T20:00:41 IST">
  <testcase classname="automationFramework.tests.ErrorValidation" name="LoginErrorValidation" time="3.13"/>
  <testcase classname="automationFramework.tests.ErrorValidation" name="ProductErrorValidation" time="2.51"/>
</testsuite> <!-- Error Validation Test -->
